<?xml version="1.0" encoding="utf-8"?><testsuites name="pytest tests"><testsuite name="pytest" errors="0" failures="0" skipped="0" tests="132" time="0.974" timestamp="2026-08-06T20:32:24.850621-04:00" hostname="ArisPC"><testcase classname="tests.test_catalog" name="test_catalog_is_not_trivially_small" time="0.003" /><testcase classname="tests.test_catalog" name="test_ids_are_unique" time="0.001" /><testcase classname="tests.test_catalog" name="test_ids_are_sequential_from_one" time="0.000" /><testcase classname="tests.test_catalog" name="test_no_song_is_listed_twice" time="0.001" /><testcase classname="tests.test_catalog" name="test_text_fields_are_never_blank" time="0.000" /><testcase classname="tests.test_catalog" name="test_no_numeric_field_failed_to_parse" time="0.000" /><testcase classname="tests.test_catalog" name="test_unit_scale_features_stay_between_zero_and_one" time="0.000" /><testcase classname="tests.test_catalog" name="test_acousticness_stays_between_zero_and_one" time="0.000" /><testcase classname="tests.test_catalog" name="test_ranged_features_stay_inside_their_declared_range" time="0.000" /><testcase classname="tests.test_catalog" name="test_genres_are_lowercase_and_trimmed" time="0.000" /><testcase classname="tests.test_catalog" name="test_moods_are_lowercase_and_trimmed" time="0.001" /><testcase classname="tests.test_catalog" name="test_no_genre_is_a_near_duplicate_of_another" time="0.001" /><testcase classname="tests.test_catalog" name="test_most_genres_have_more_than_one_song" time="0.001" /><testcase classname="tests.test_catalog" name="test_every_demo_profile_genre_exists_in_the_catalog" time="0.000" /><testcase classname="tests.test_catalog" name="test_every_demo_profile_mood_exists_in_the_catalog" time="0.000" /><testcase classname="tests.test_catalog" name="test_every_demo_profile_energy_is_on_the_unit_scale" time="0.000" /><testcase classname="tests.test_catalog" name="test_corpus_is_not_trivially_small" time="0.001" /><testcase classname="tests.test_catalog" name="test_note_titles_are_unique" time="0.001" /><testcase classname="tests.test_catalog" name="test_no_note_body_is_empty" time="0.000" /><testcase classname="tests.test_catalog" name="test_notes_are_long_enough_to_be_worth_retrieving" time="0.000" /><testcase classname="tests.test_catalog" name="test_corpus_covers_most_catalog_genres" time="0.001" /><testcase classname="tests.test_edge_cases" name="test_recommend_songs_empty_catalog_returns_empty" time="0.000" /><testcase classname="tests.test_edge_cases" name="test_recommend_songs_k_zero_returns_empty" time="0.000" /><testcase classname="tests.test_edge_cases" name="test_recommend_songs_empty_prefs_scores_everything_zero" time="0.000" /><testcase classname="tests.test_edge_cases" name="test_recommend_songs_preserves_input_order_on_ties" time="0.000" /><testcase classname="tests.test_edge_cases" name="test_score_song_empty_song_and_prefs" time="0.000" /><testcase classname="tests.test_edge_cases" name="test_score_song_falsy_categorical_pref_is_ignored" time="0.000" /><testcase classname="tests.test_edge_cases" name="test_load_songs_header_only_returns_empty" time="0.016" /><testcase classname="tests.test_edge_cases" name="test_load_songs_missing_file_raises" time="0.004" /><testcase classname="tests.test_edge_cases" name="test_load_songs_non_numeric_value_becomes_none" time="0.006" /><testcase classname="tests.test_edge_cases" name="test_load_songs_blank_numeric_cell_becomes_none" time="0.007" /><testcase classname="tests.test_edge_cases" name="test_score_song_skips_none_feature_value" time="0.001" /><testcase classname="tests.test_edge_cases" name="test_recommend_ranks_song_with_missing_feature" time="0.006" /><testcase classname="tests.test_edge_cases" name="test_recommender_empty_catalog_returns_empty" time="0.000" /><testcase classname="tests.test_edge_cases" name="test_recommender_k_zero_returns_empty" time="0.000" /><testcase classname="tests.test_load_songs" name="test_text_fields_stay_as_strings" time="0.007" /><testcase classname="tests.test_load_songs" name="test_whole_numbers_become_ints" time="0.006" /><testcase classname="tests.test_load_songs" name="test_decimal_numbers_become_floats" time="0.005" /><testcase classname="tests.test_load_songs" name="test_loads_every_row" time="0.007" /><testcase classname="tests.test_load_songs" name="test_loads_real_data_file" time="0.002" /><testcase classname="tests.test_rag" name="test_tokenize_lowercases_and_splits" time="0.000" /><testcase classname="tests.test_rag" name="test_tokenize_drops_stopwords" time="0.000" /><testcase classname="tests.test_rag" name="test_tokenize_drops_single_characters" time="0.000" /><testcase classname="tests.test_rag" name="test_load_notes_returns_notes" time="0.006" /><testcase classname="tests.test_rag" name="test_load_notes_ignores_the_file_preamble" time="0.001" /><testcase classname="tests.test_rag" name="test_load_notes_gives_each_note_a_title_and_body" time="0.001" /><testcase classname="tests.test_rag" name="test_note_ids_are_unique_and_sequential" time="0.001" /><testcase classname="tests.test_rag" name="test_build_query_uses_genre_artist_and_mood" time="0.000" /><testcase classname="tests.test_rag" name="test_build_query_excludes_the_title" time="0.000" /><testcase classname="tests.test_rag" name="test_build_query_tolerates_missing_fields" time="0.000" /><testcase classname="tests.test_rag" name="test_retrieve_finds_the_matching_artist_note" time="0.001" /><testcase classname="tests.test_rag" name="test_retrieve_finds_a_genre_note_when_the_artist_is_unknown" time="0.001" /><testcase classname="tests.test_rag" name="test_retrieve_returns_nothing_for_an_undocumented_genre" time="0.001" /><testcase classname="tests.test_rag" name="test_retrieve_returns_nothing_for_an_empty_query" time="0.000" /><testcase classname="tests.test_rag" name="test_retrieve_scores_are_above_the_threshold" time="0.001" /><testcase classname="tests.test_rag" name="test_retrieve_returns_hits_in_descending_order" time="0.001" /><testcase classname="tests.test_rag" name="test_retrieve_respects_top_n" time="0.001" /><testcase classname="tests.test_rag" name="test_retrieve_handles_an_empty_corpus" time="0.001" /><testcase classname="tests.test_rag" name="test_fun_fact_is_copied_from_the_corpus" time="0.002" /><testcase classname="tests.test_rag" name="test_fun_fact_abstains_when_nothing_is_relevant" time="0.002" /><testcase classname="tests.test_rag" name="test_abstain_message_names_the_missing_genre" time="0.002" /><testcase classname="tests.test_rag" name="test_a_shared_first_name_does_not_make_a_note_relevant" time="0.002" /><testcase classname="tests.test_rag" name="test_topic_phrases_are_the_genre_and_the_artist" time="0.000" /><testcase classname="tests.test_rag" name="test_mentions_any_requires_a_whole_word" time="0.000" /><testcase classname="tests.test_rag" name="test_a_note_naming_the_artist_is_eligible" time="0.001" /><testcase classname="tests.test_rag" name="test_a_note_naming_only_the_genre_is_eligible" time="0.002" /><testcase classname="tests.test_rag" name="test_require_any_filters_out_otherwise_similar_notes" time="0.003" /><testcase classname="tests.test_rag" name="test_confidence_label_bands" time="0.000" /><testcase classname="tests.test_rag" name="test_fun_fact_reports_its_confidence" time="0.001" /><testcase classname="tests.test_rag" name="test_load_index_survives_a_missing_corpus" time="0.003" /><testcase classname="tests.test_rag" name="test_a_degraded_index_abstains_instead_of_guessing" time="0.003" /><testcase classname="tests.test_rag" name="test_load_index_warns_when_the_corpus_parses_to_nothing" time="0.007" /><testcase classname="tests.test_rag" name="test_load_notes_still_raises_so_callers_can_choose" time="0.003" /><testcase classname="tests.test_rag" name="test_every_catalog_song_is_grounded_or_abstains" time="0.140" /><testcase classname="tests.test_recommend_songs" name="test_returns_at_most_k_results" time="0.000" /><testcase classname="tests.test_recommend_songs" name="test_k_larger_than_catalog_returns_whole_catalog" time="0.001" /><testcase classname="tests.test_recommend_songs" name="test_results_sorted_by_score_descending" time="0.001" /><testcase classname="tests.test_recommend_songs" name="test_result_tuple_shape" time="0.001" /><testcase classname="tests.test_recommend_songs" name="test_no_matching_preference_yields_no_strong_match_text" time="0.000" /><testcase classname="tests.test_recommend_songs" name="test_matched_song_has_explanation_text" time="0.001" /><testcase classname="tests.test_recommender" name="test_prefs_from_user_maps_every_field" time="0.000" /><testcase classname="tests.test_recommender" name="test_likes_acoustic_true_maps_to_the_top_of_the_scale" time="0.000" /><testcase classname="tests.test_recommender" name="test_likes_acoustic_false_maps_to_the_bottom_of_the_scale" time="0.000" /><testcase classname="tests.test_recommender" name="test_likes_acoustic_flips_the_penalty_direction" time="0.000" /><testcase classname="tests.test_recommender" name="test_recommend_sorts_best_match_first_despite_input_order" time="0.000" /><testcase classname="tests.test_recommender" name="test_recommend_returns_song_objects_not_dicts" time="0.000" /><testcase classname="tests.test_recommender" name="test_recommend_results_are_in_non_increasing_score_order" time="0.000" /><testcase classname="tests.test_recommender" name="test_recommend_respects_k" time="0.000" /><testcase classname="tests.test_recommender" name="test_recommend_k_larger_than_catalog_returns_all" time="0.000" /><testcase classname="tests.test_recommender" name="test_recommend_agrees_with_the_functional_path" time="0.000" /><testcase classname="tests.test_recommender" name="test_explain_recommendation_returns_a_non_empty_string" time="0.000" /><testcase classname="tests.test_recommender" name="test_explain_recommendation_mentions_genre_match_for_a_fitting_song" time="0.000" /><testcase classname="tests.test_recommender" name="test_explain_recommendation_falls_back_when_nothing_matches" time="0.000" /><testcase classname="tests.test_reliability" name="test_determinism_passes_on_the_real_recommender" time="0.010" /><testcase classname="tests.test_reliability" name="test_top_titles_is_repeatable" time="0.001" /><testcase classname="tests.test_reliability" name="test_golden_snapshot_passes_against_a_freshly_written_baseline" time="0.010" /><testcase classname="tests.test_reliability" name="test_golden_snapshot_detects_drift" time="0.015" /><testcase classname="tests.test_reliability" name="test_golden_snapshot_fails_when_no_baseline_exists" time="0.004" /><testcase classname="tests.test_reliability" name="test_write_golden_creates_readable_json" time="0.009" /><testcase classname="tests.test_reliability" name="test_genre_accuracy_is_perfect_while_genre_carries_the_top_weight" time="0.007" /><testcase classname="tests.test_reliability" name="test_catalog_coverage_reports_unreachable_songs" time="0.008" /><testcase classname="tests.test_reliability" name="test_perturbation_robustness_stays_within_the_churn_limit" time="0.005" /><testcase classname="tests.test_reliability" name="test_grounding_passes_on_the_real_corpus" time="0.134" /><testcase classname="tests.test_reliability" name="test_grounding_fails_when_the_corpus_is_empty" time="0.001" /><testcase classname="tests.test_reliability" name="test_run_all_returns_every_check" time="0.159" /><testcase classname="tests.test_reliability" name="test_check_result_status_reflects_passed" time="0.000" /><testcase classname="tests.test_reliability" name="test_format_report_includes_every_check_name" time="0.162" /><testcase classname="tests.test_reliability" name="test_format_report_counts_passing_checks" time="0.001" /><testcase classname="tests.test_render_table" name="test_headers_and_values_appear" time="0.001" /><testcase classname="tests.test_render_table" name="test_has_border_and_header_separator" time="0.001" /><testcase classname="tests.test_render_table" name="test_long_cell_wraps_onto_multiple_lines" time="0.000" /><testcase classname="tests.test_render_table" name="test_empty_rows_still_render_header" time="0.000" /><testcase classname="tests.test_render_table" name="test_row_count_reflected_in_dividers" time="0.000" /><testcase classname="tests.test_render_table" name="test_ask_profile_builds_a_single_genre_profile" time="0.000" /><testcase classname="tests.test_render_table" name="test_ask_profile_lowercases_the_genre" time="0.000" /><testcase classname="tests.test_render_table" name="test_ask_profile_defaults_to_mid_energy" time="0.000" /><testcase classname="tests.test_render_table" name="test_ask_profile_sets_no_mood_so_only_genre_drives_it" time="0.000" /><testcase classname="tests.test_score_song" name="test_categorical_exact_match_adds_full_weight" time="0.000" /><testcase classname="tests.test_score_song" name="test_categorical_match_is_case_insensitive" time="0.000" /><testcase classname="tests.test_score_song" name="test_categorical_mismatch_adds_nothing" time="0.000" /><testcase classname="tests.test_score_song" name="test_categorical_missing_preference_is_skipped" time="0.001" /><testcase classname="tests.test_score_song" name="test_unit_feature_perfect_match_adds_full_weight" time="0.001" /><testcase classname="tests.test_score_song" name="test_unit_feature_total_mismatch_adds_zero_not_negative" time="0.001" /><testcase classname="tests.test_score_song" name="test_unit_feature_partial_match_is_proportional" time="0.001" /><testcase classname="tests.test_score_song" name="test_penalized_feature_perfect_match_is_positive" time="0.001" /><testcase classname="tests.test_score_song" name="test_penalized_feature_opposite_match_subtracts_points" time="0.001" /><testcase classname="tests.test_score_song" name="test_penalized_feature_halfway_is_neutral" time="0.000" /><testcase classname="tests.test_score_song" name="test_penalty_can_pull_total_score_below_a_categorical_gain" time="0.000" /><testcase classname="tests.test_score_song" name="test_ranged_feature_perfect_match_adds_full_weight" time="0.000" /><testcase classname="tests.test_score_song" name="test_ranged_feature_normalizes_gap_by_span" time="0.000" /><testcase classname="tests.test_score_song" name="test_ranged_feature_beyond_range_clamps_to_zero" time="0.000" /><testcase classname="tests.test_score_song" name="test_missing_feature_in_song_is_skipped" time="0.000" /></testsuite></testsuites>