<?xml version="1.0" encoding="utf-8"?><testsuites name="pytest tests"><testsuite name="pytest" errors="0" failures="0" skipped="0" tests="53" time="0.169" timestamp="2026-07-22T01:19:31.218193-04:00" hostname="ArisPC"><testcase classname="tests.test_edge_cases" name="test_recommend_songs_empty_catalog_returns_empty" time="0.001" /><testcase classname="tests.test_edge_cases" name="test_recommend_songs_k_zero_returns_empty" time="0.001" /><testcase classname="tests.test_edge_cases" name="test_recommend_songs_empty_prefs_scores_everything_zero" time="0.001" /><testcase classname="tests.test_edge_cases" name="test_recommend_songs_preserves_input_order_on_ties" time="0.000" /><testcase classname="tests.test_edge_cases" name="test_score_song_empty_song_and_prefs" time="0.000" /><testcase classname="tests.test_edge_cases" name="test_score_song_falsy_categorical_pref_is_ignored" time="0.000" /><testcase classname="tests.test_edge_cases" name="test_load_songs_header_only_returns_empty" time="0.014" /><testcase classname="tests.test_edge_cases" name="test_load_songs_missing_file_raises" time="0.003" /><testcase classname="tests.test_edge_cases" name="test_load_songs_non_numeric_value_becomes_none" time="0.007" /><testcase classname="tests.test_edge_cases" name="test_load_songs_blank_numeric_cell_becomes_none" time="0.005" /><testcase classname="tests.test_edge_cases" name="test_score_song_skips_none_feature_value" time="0.000" /><testcase classname="tests.test_edge_cases" name="test_recommend_ranks_song_with_missing_feature" time="0.006" /><testcase classname="tests.test_edge_cases" name="test_recommender_empty_catalog_returns_empty" time="0.000" /><testcase classname="tests.test_edge_cases" name="test_recommender_k_zero_returns_empty" time="0.001" /><testcase classname="tests.test_load_songs" name="test_text_fields_stay_as_strings" time="0.006" /><testcase classname="tests.test_load_songs" name="test_whole_numbers_become_ints" time="0.006" /><testcase classname="tests.test_load_songs" name="test_decimal_numbers_become_floats" time="0.006" /><testcase classname="tests.test_load_songs" name="test_loads_every_row" time="0.006" /><testcase classname="tests.test_load_songs" name="test_loads_real_data_file" time="0.002" /><testcase classname="tests.test_recommend_songs" name="test_returns_at_most_k_results" time="0.000" /><testcase classname="tests.test_recommend_songs" name="test_k_larger_than_catalog_returns_whole_catalog" time="0.001" /><testcase classname="tests.test_recommend_songs" name="test_results_sorted_by_score_descending" time="0.000" /><testcase classname="tests.test_recommend_songs" name="test_result_tuple_shape" time="0.001" /><testcase classname="tests.test_recommend_songs" name="test_no_matching_preference_yields_no_strong_match_text" time="0.001" /><testcase classname="tests.test_recommend_songs" name="test_matched_song_has_explanation_text" time="0.001" /><testcase classname="tests.test_recommender" name="test_recommend_returns_songs_sorted_by_score" time="0.000" /><testcase classname="tests.test_recommender" name="test_explain_recommendation_returns_non_empty_string" time="0.000" /><testcase classname="tests.test_recommender" name="test_recommend_sorts_best_match_first_despite_input_order" time="0.000" /><testcase classname="tests.test_recommender" name="test_recommend_results_are_in_non_increasing_score_order" time="0.000" /><testcase classname="tests.test_recommender" name="test_recommend_respects_k" time="0.000" /><testcase classname="tests.test_recommender" name="test_recommend_k_larger_than_catalog_returns_all" time="0.000" /><testcase classname="tests.test_recommender" name="test_explain_recommendation_mentions_genre_match_for_fitting_song" time="0.000" /><testcase classname="tests.test_recommender" name="test_likes_acoustic_flips_acousticness_preference" time="0.000" /><testcase classname="tests.test_render_table" name="test_headers_and_values_appear" time="0.000" /><testcase classname="tests.test_render_table" name="test_has_border_and_header_separator" time="0.000" /><testcase classname="tests.test_render_table" name="test_long_cell_wraps_onto_multiple_lines" time="0.000" /><testcase classname="tests.test_render_table" name="test_empty_rows_still_render_header" time="0.001" /><testcase classname="tests.test_render_table" name="test_row_count_reflected_in_dividers" time="0.001" /><testcase classname="tests.test_score_song" name="test_categorical_exact_match_adds_full_weight" time="0.001" /><testcase classname="tests.test_score_song" name="test_categorical_match_is_case_insensitive" time="0.001" /><testcase classname="tests.test_score_song" name="test_categorical_mismatch_adds_nothing" time="0.001" /><testcase classname="tests.test_score_song" name="test_categorical_missing_preference_is_skipped" time="0.000" /><testcase classname="tests.test_score_song" name="test_unit_feature_perfect_match_adds_full_weight" time="0.000" /><testcase classname="tests.test_score_song" name="test_unit_feature_total_mismatch_adds_zero_not_negative" time="0.000" /><testcase classname="tests.test_score_song" name="test_unit_feature_partial_match_is_proportional" time="0.000" /><testcase classname="tests.test_score_song" name="test_penalized_feature_perfect_match_is_positive" time="0.001" /><testcase classname="tests.test_score_song" name="test_penalized_feature_opposite_match_subtracts_points" time="0.001" /><testcase classname="tests.test_score_song" name="test_penalized_feature_halfway_is_neutral" time="0.001" /><testcase classname="tests.test_score_song" name="test_penalty_can_pull_total_score_below_a_categorical_gain" time="0.002" /><testcase classname="tests.test_score_song" name="test_ranged_feature_perfect_match_adds_full_weight" time="0.001" /><testcase classname="tests.test_score_song" name="test_ranged_feature_normalizes_gap_by_span" time="0.001" /><testcase classname="tests.test_score_song" name="test_ranged_feature_beyond_range_clamps_to_zero" time="0.001" /><testcase classname="tests.test_score_song" name="test_missing_feature_in_song_is_skipped" time="0.001" /></testsuite></testsuites>